0 verbose cli C:\Program Files\nodejs\node.exe C:\Program Files\nodejs\node_modules\npm\bin\npm-cli.js
1 info using npm@10.8.1
2 info using node@v22.3.0
3 silly config load:file:C:\Program Files\nodejs\node_modules\npm\npmrc
4 silly config load:file:E:\Saad Rehman-GitHub\DevOps-Pipeline-Automation\.npmrc
5 silly config load:file:C:\Users\saadr\.npmrc
6 silly config load:file:C:\Users\saadr\AppData\Roaming\npm\etc\npmrc
7 verbose title npm install
8 verbose argv "install"
9 verbose logfile logs-max:10 dir:E:\Saad Rehman-GitHub\DevOps-Pipeline-Automation\%APPDATA%\npm-cache\_logs\2024-10-28T12_28_56_393Z-
10 verbose logfile E:\Saad Rehman-GitHub\DevOps-Pipeline-Automation\%APPDATA%\npm-cache\_logs\2024-10-28T12_28_56_393Z-debug-0.log
11 silly packumentCache heap:4345298944 maxSize:1086324736 maxEntrySize:543162368
12 silly logfile start cleaning logs, removing 1 files
13 silly logfile done cleaning log files
14 silly idealTree buildDeps
15 silly reify moves {}
16 silly audit bulk request {
16 silly audit   '@alloc/quick-lru': [ '5.2.0' ],
16 silly audit   '@ampproject/remapping': [ '2.3.0' ],
16 silly audit   '@babel/code-frame': [ '7.26.0' ],
16 silly audit   '@babel/compat-data': [ '7.26.0' ],
16 silly audit   '@babel/core': [ '7.26.0' ],
16 silly audit   json5: [ '2.2.3', '1.0.2' ],
16 silly audit   semver: [ '6.3.1', '7.6.3' ],
16 silly audit   '@babel/generator': [ '7.26.0' ],
16 silly audit   '@babel/helper-compilation-targets': [ '7.25.9' ],
16 silly audit   'lru-cache': [ '5.1.1', '10.4.3' ],
16 silly audit   '@babel/helper-module-imports': [ '7.25.9' ],
16 silly audit   '@babel/helper-module-transforms': [ '7.26.0' ],
16 silly audit   '@babel/helper-plugin-utils': [ '7.25.9' ],
16 silly audit   '@babel/helper-string-parser': [ '7.25.9' ],
16 silly audit   '@babel/helper-validator-identifier': [ '7.25.9' ],
16 silly audit   '@babel/helper-validator-option': [ '7.25.9' ],
16 silly audit   '@babel/helpers': [ '7.26.0' ],
16 silly audit   '@babel/parser': [ '7.26.1' ],
16 silly audit   '@babel/plugin-syntax-async-generators': [ '7.8.4' ],
16 silly audit   '@babel/plugin-syntax-bigint': [ '7.8.3' ],
16 silly audit   '@babel/plugin-syntax-class-properties': [ '7.12.13' ],
16 silly audit   '@babel/plugin-syntax-class-static-block': [ '7.14.5' ],
16 silly audit   '@babel/plugin-syntax-import-attributes': [ '7.26.0' ],
16 silly audit   '@babel/plugin-syntax-import-meta': [ '7.10.4' ],
16 silly audit   '@babel/plugin-syntax-json-strings': [ '7.8.3' ],
16 silly audit   '@babel/plugin-syntax-jsx': [ '7.25.9' ],
16 silly audit   '@babel/plugin-syntax-logical-assignment-operators': [ '7.10.4' ],
16 silly audit   '@babel/plugin-syntax-nullish-coalescing-operator': [ '7.8.3' ],
16 silly audit   '@babel/plugin-syntax-numeric-separator': [ '7.10.4' ],
16 silly audit   '@babel/plugin-syntax-object-rest-spread': [ '7.8.3' ],
16 silly audit   '@babel/plugin-syntax-optional-catch-binding': [ '7.8.3' ],
16 silly audit   '@babel/plugin-syntax-optional-chaining': [ '7.8.3' ],
16 silly audit   '@babel/plugin-syntax-private-property-in-object': [ '7.14.5' ],
16 silly audit   '@babel/plugin-syntax-top-level-await': [ '7.14.5' ],
16 silly audit   '@babel/plugin-syntax-typescript': [ '7.25.9' ],
16 silly audit   '@babel/runtime': [ '7.25.7' ],
16 silly audit   '@babel/template': [ '7.25.9' ],
16 silly audit   '@babel/traverse': [ '7.25.9' ],
16 silly audit   globals: [ '11.12.0', '13.24.0' ],
16 silly audit   '@babel/types': [ '7.26.0' ],
16 silly audit   '@bcoe/v8-coverage': [ '0.2.3' ],
16 silly audit   '@clerk/backend': [ '1.13.9' ],
16 silly audit   tslib: [ '2.4.1', '2.7.0' ],
16 silly audit   '@clerk/clerk-react': [ '5.11.0' ],
16 silly audit   '@clerk/nextjs': [ '5.7.2' ],
16 silly audit   '@clerk/shared': [ '2.9.0' ],
16 silly audit   '@clerk/types': [ '4.25.0' ],
16 silly audit   csstype: [ '3.1.1', '3.1.3' ],
16 silly audit   '@eslint-community/eslint-utils': [ '4.4.0' ],
16 silly audit   '@eslint-community/regexpp': [ '4.11.1' ],
16 silly audit   '@eslint/eslintrc': [ '2.1.4' ],
16 silly audit   '@eslint/js': [ '8.57.1' ],
16 silly audit   '@floating-ui/core': [ '1.6.8' ],
16 silly audit   '@floating-ui/dom': [ '1.6.11' ],
16 silly audit   '@floating-ui/react-dom': [ '2.1.2' ],
16 silly audit   '@floating-ui/utils': [ '0.2.8' ],
16 silly audit   '@humanwhocodes/config-array': [ '0.13.0' ],
16 silly audit   '@humanwhocodes/module-importer': [ '1.0.1' ],
16 silly audit   '@humanwhocodes/object-schema': [ '2.0.3' ],
16 silly audit   '@isaacs/cliui': [ '8.0.2' ],
16 silly audit   'ansi-regex': [ '6.1.0', '5.0.1' ],
16 silly audit   'strip-ansi': [ '7.1.0', '6.0.1' ],
16 silly audit   '@istanbuljs/load-nyc-config': [ '1.1.0' ],
16 silly audit   argparse: [ '1.0.10', '2.0.1' ],
16 silly audit   'find-up': [ '4.1.0', '5.0.0' ],
16 silly audit   'js-yaml': [ '3.14.1', '4.1.0' ],
16 silly audit   'locate-path': [ '5.0.0', '6.0.0' ],
16 silly audit   'p-limit': [ '2.3.0', '3.1.0' ],
16 silly audit   'p-locate': [ '4.1.0', '5.0.0' ],
16 silly audit   'resolve-from': [ '5.0.0', '4.0.0' ],
16 silly audit   '@istanbuljs/schema': [ '0.1.3' ],
16 silly audit   '@jest/console': [ '29.7.0' ],
16 silly audit   '@jest/core': [ '29.7.0' ],
16 silly audit   '@jest/environment': [ '29.7.0' ],
16 silly audit   '@jest/expect': [ '29.7.0' ],
16 silly audit   '@jest/expect-utils': [ '29.7.0' ],
16 silly audit   '@jest/fake-timers': [ '29.7.0' ],
16 silly audit   '@jest/globals': [ '29.7.0' ],
16 silly audit   '@jest/reporters': [ '29.7.0' ],
16 silly audit   glob: [ '7.2.3', '10.3.10' ],
16 silly audit   '@jest/schemas': [ '29.6.3' ],
16 silly audit   '@jest/source-map': [ '29.6.3' ],
16 silly audit   '@jest/test-result': [ '29.7.0' ],
16 silly audit   '@jest/test-sequencer': [ '29.7.0' ],
16 silly audit   '@jest/transform': [ '29.7.0' ],
16 silly audit   '@jest/types': [ '29.6.3' ],
16 silly audit   '@jridgewell/gen-mapping': [ '0.3.5' ],
16 silly audit   '@jridgewell/resolve-uri': [ '3.1.2' ],
16 silly audit   '@jridgewell/set-array': [ '1.2.1' ],
16 silly audit   '@jridgewell/sourcemap-codec': [ '1.5.0' ],
16 silly audit   '@jridgewell/trace-mapping': [ '0.3.25' ],
16 silly audit   '@next/env': [ '14.2.14' ],
16 silly audit   '@next/eslint-plugin-next': [ '14.2.14' ],
16 silly audit   '@next/swc-darwin-arm64': [ '14.2.14' ],
16 silly audit   '@next/swc-darwin-x64': [ '14.2.14' ],
16 silly audit   '@next/swc-linux-arm64-gnu': [ '14.2.14' ],
16 silly audit   '@next/swc-linux-arm64-musl': [ '14.2.14' ],
16 silly audit   '@next/swc-linux-x64-gnu': [ '14.2.14' ],
16 silly audit   '@next/swc-linux-x64-musl': [ '14.2.14' ],
16 silly audit   '@next/swc-win32-arm64-msvc': [ '14.2.14' ],
16 silly audit   '@next/swc-win32-ia32-msvc': [ '14.2.14' ],
16 silly audit   '@next/swc-win32-x64-msvc': [ '14.2.14' ],
16 silly audit   '@nodelib/fs.scandir': [ '2.1.5' ],
16 silly audit   '@nodelib/fs.stat': [ '2.0.5' ],
16 silly audit   '@nodelib/fs.walk': [ '1.2.8' ],
16 silly audit   '@nolyfill/is-core-module': [ '1.0.39' ],
16 silly audit   '@pkgjs/parseargs': [ '0.11.0' ],
16 silly audit   '@pkgr/core': [ '0.1.1' ],
16 silly audit   '@prisma/client': [ '5.20.0' ],
16 silly audit   '@prisma/debug': [ '5.20.0' ],
16 silly audit   '@prisma/engines': [ '5.20.0' ],
16 silly audit   '@prisma/engines-version': [ '5.20.0-12.06fc58a368dc7be9fbbbe894adf8d445d208c284' ],
16 silly audit   '@prisma/fetch-engine': [ '5.20.0' ],
16 silly audit   '@prisma/get-platform': [ '5.20.0' ],
16 silly audit   '@radix-ui/number': [ '1.1.0' ],
16 silly audit   '@radix-ui/primitive': [ '1.1.0', '1.0.1' ],
16 silly audit   '@radix-ui/react-alert-dialog': [ '1.1.2' ],
16 silly audit   '@radix-ui/react-arrow': [ '1.1.0' ],
16 silly audit   '@radix-ui/react-avatar': [ '1.1.1' ],
16 silly audit   '@radix-ui/react-checkbox': [ '1.1.2' ],
16 silly audit   '@radix-ui/react-collection': [ '1.1.0' ],
16 silly audit   '@radix-ui/react-context': [ '1.1.0', '1.1.1', '1.0.1' ],
16 silly audit   '@radix-ui/react-compose-refs': [ '1.1.0', '1.0.1' ],
16 silly audit   '@radix-ui/react-dialog': [ '1.1.2', '1.0.5' ],
16 silly audit   '@radix-ui/react-direction': [ '1.1.0' ],
16 silly audit   '@radix-ui/react-dismissable-layer': [ '1.1.1', '1.0.5' ],
16 silly audit   '@radix-ui/react-dropdown-menu': [ '2.1.2' ],
16 silly audit   '@radix-ui/react-focus-guards': [ '1.1.1', '1.0.1' ],
16 silly audit   '@radix-ui/react-focus-scope': [ '1.1.0', '1.0.4' ],
16 silly audit   '@radix-ui/react-id': [ '1.1.0', '1.0.1' ],
16 silly audit   '@radix-ui/react-label': [ '2.1.0' ],
16 silly audit   '@radix-ui/react-menu': [ '2.1.2' ],
16 silly audit   '@radix-ui/react-popover': [ '1.1.2' ],
16 silly audit   '@radix-ui/react-popper': [ '1.2.0' ],
16 silly audit   '@radix-ui/react-portal': [ '1.1.2', '1.0.4' ],
16 silly audit   '@radix-ui/react-presence': [ '1.1.1', '1.0.1' ],
16 silly audit   '@radix-ui/react-primitive': [ '2.0.0', '1.0.3' ],
16 silly audit   '@radix-ui/react-roving-focus': [ '1.1.0' ],
16 silly audit   '@radix-ui/react-scroll-area': [ '1.2.0' ],
16 silly audit   '@radix-ui/react-select': [ '2.1.2' ],
16 silly audit   '@radix-ui/react-slot': [ '1.1.0', '1.0.2' ],
16 silly audit   '@radix-ui/react-switch': [ '1.1.1' ],
16 silly audit   '@radix-ui/react-tabs': [ '1.1.1' ],
16 silly audit   '@radix-ui/react-toast': [ '1.2.2' ],
16 silly audit   '@radix-ui/react-use-callback-ref': [ '1.1.0', '1.0.1' ],
16 silly audit   '@radix-ui/react-use-controllable-state': [ '1.1.0', '1.0.1' ],
16 silly audit   '@radix-ui/react-use-escape-keydown': [ '1.1.0', '1.0.3' ],
16 silly audit   '@radix-ui/react-use-layout-effect': [ '1.1.0', '1.0.1' ],
16 silly audit   '@radix-ui/react-use-previous': [ '1.1.0' ],
16 silly audit   '@radix-ui/react-use-rect': [ '1.1.0' ],
16 silly audit   '@radix-ui/react-use-size': [ '1.1.0' ],
16 silly audit   '@radix-ui/react-visually-hidden': [ '1.1.0' ],
16 silly audit   '@radix-ui/rect': [ '1.1.0' ],
16 silly audit   '@rtsao/scc': [ '1.1.0' ],
16 silly audit   '@rushstack/eslint-patch': [ '1.10.4' ],
16 silly audit   '@sinclair/typebox': [ '0.27.8' ],
16 silly audit   '@sinonjs/commons': [ '3.0.1' ],
16 silly audit   '@sinonjs/fake-timers': [ '10.3.0' ],
16 silly audit   '@swc/counter': [ '0.1.3' ],
16 silly audit   '@swc/helpers': [ '0.5.5' ],
16 silly audit   '@types/babel__core': [ '7.20.5' ],
16 silly audit   '@types/babel__generator': [ '7.6.8' ],
16 silly audit   '@types/babel__template': [ '7.4.4' ],
16 silly audit   '@types/babel__traverse': [ '7.20.6' ],
16 silly audit   '@types/graceful-fs': [ '4.1.9' ],
16 silly audit   '@types/istanbul-lib-coverage': [ '2.0.6' ],
16 silly audit   '@types/istanbul-lib-report': [ '3.0.3' ],
16 silly audit   '@types/istanbul-reports': [ '3.0.4' ],
16 silly audit   '@types/json5': [ '0.0.29' ],
16 silly audit   '@types/node': [ '20.16.10' ],
16 silly audit   '@types/prop-types': [ '15.7.13' ],
16 silly audit   '@types/react': [ '18.3.11' ],
16 silly audit   '@types/react-dom': [ '18.3.0' ],
16 silly audit   '@types/stack-utils': [ '2.0.3' ],
16 silly audit   '@types/yargs': [ '17.0.33' ],
16 silly audit   '@types/yargs-parser': [ '21.0.3' ],
16 silly audit   '@typescript-eslint/eslint-plugin': [ '8.11.0' ],
16 silly audit   '@typescript-eslint/parser': [ '8.11.0' ],
16 silly audit   '@typescript-eslint/scope-manager': [ '8.11.0' ],
16 silly audit   '@typescript-eslint/type-utils': [ '8.11.0' ],
16 silly audit   '@typescript-eslint/types': [ '8.11.0' ],
16 silly audit   '@typescript-eslint/typescript-estree': [ '8.11.0' ],
16 silly audit   'brace-expansion': [ '2.0.1', '1.1.11' ],
16 silly audit   minimatch: [ '9.0.5', '3.1.2' ],
16 silly audit   '@typescript-eslint/utils': [ '8.11.0' ],
16 silly audit   '@typescript-eslint/visitor-keys': [ '8.11.0' ],
16 silly audit   '@ungap/structured-clone': [ '1.2.0' ],
16 silly audit   acorn: [ '8.12.1' ],
16 silly audit   'acorn-jsx': [ '5.3.2' ],
16 silly audit   ajv: [ '6.12.6' ],
16 silly audit   'ansi-escapes': [ '4.3.2' ],
16 silly audit   'type-fest': [ '0.21.3', '2.19.0', '0.20.2' ],
16 silly audit   'ansi-styles': [ '4.3.0', '5.2.0', '6.2.1' ],
16 silly audit   'any-promise': [ '1.3.0' ],
16 silly audit   anymatch: [ '3.1.3' ],
16 silly audit   arg: [ '5.0.2' ],
16 silly audit   'aria-hidden': [ '1.2.4' ],
16 silly audit   'aria-query': [ '5.1.3' ],
16 silly audit   'array-buffer-byte-length': [ '1.0.1' ],
16 silly audit   'array-includes': [ '3.1.8' ],
16 silly audit   'array.prototype.findlast': [ '1.2.5' ],
16 silly audit   'array.prototype.findlastindex': [ '1.2.5' ],
16 silly audit   'array.prototype.flat': [ '1.3.2' ],
16 silly audit   'array.prototype.flatmap': [ '1.3.2' ],
16 silly audit   'array.prototype.tosorted': [ '1.1.4' ],
16 silly audit   'arraybuffer.prototype.slice': [ '1.0.3' ],
16 silly audit   'ast-types-flow': [ '0.0.8' ],
16 silly audit   'available-typed-arrays': [ '1.0.7' ],
16 silly audit   'axe-core': [ '4.10.0' ],
16 silly audit   'axobject-query': [ '4.1.0' ],
16 silly audit   'babel-jest': [ '29.7.0' ],
16 silly audit   'babel-plugin-istanbul': [ '6.1.1' ],
16 silly audit   'istanbul-lib-instrument': [ '5.2.1', '6.0.3' ],
16 silly audit   'babel-plugin-jest-hoist': [ '29.6.3' ],
16 silly audit   'babel-preset-current-node-syntax': [ '1.1.0' ],
16 silly audit   'babel-preset-jest': [ '29.6.3' ],
16 silly audit   'balanced-match': [ '1.0.2' ],
16 silly audit   'binary-extensions': [ '2.3.0' ],
16 silly audit   braces: [ '3.0.3' ],
16 silly audit   browserslist: [ '4.24.2' ],
16 silly audit   bser: [ '2.1.1' ],
16 silly audit   'buffer-from': [ '1.1.2' ],
16 silly audit   busboy: [ '1.6.0' ],
16 silly audit   'call-bind': [ '1.0.7' ],
16 silly audit   callsites: [ '3.1.0' ],
16 silly audit   camelcase: [ '5.3.1', '6.3.0' ],
16 silly audit   'camelcase-css': [ '2.0.1' ],
16 silly audit   'caniuse-lite': [ '1.0.30001673' ],
16 silly audit   chalk: [ '4.1.2' ],
16 silly audit   'char-regex': [ '1.0.2' ],
16 silly audit   chokidar: [ '3.6.0' ],
16 silly audit   'glob-parent': [ '5.1.2', '6.0.2' ],
16 silly audit   'ci-info': [ '3.9.0' ],
16 silly audit   'cjs-module-lexer': [ '1.4.1' ],
16 silly audit   'class-variance-authority': [ '0.7.0' ],
16 silly audit   clsx: [ '2.0.0', '2.1.1' ],
16 silly audit   'client-only': [ '0.0.1' ],
16 silly audit   cliui: [ '8.0.1' ],
16 silly audit   'emoji-regex': [ '8.0.0', '9.2.2' ],
16 silly audit   'string-width': [ '4.2.3', '5.1.2' ],
16 silly audit   'wrap-ansi': [ '7.0.0', '8.1.0' ],
16 silly audit   cmdk: [ '1.0.0' ],
16 silly audit   'react-remove-scroll': [ '2.5.5', '2.6.0' ],
16 silly audit   co: [ '4.6.0' ],
16 silly audit   'collect-v8-coverage': [ '1.0.2' ],
16 silly audit   'color-convert': [ '2.0.1' ],
16 silly audit   'color-name': [ '1.1.4' ],
16 silly audit   commander: [ '4.1.1' ],
16 silly audit   'concat-map': [ '0.0.1' ],
16 silly audit   'convert-source-map': [ '2.0.0' ],
16 silly audit   cookie: [ '0.7.0' ],
16 silly audit   'create-jest': [ '29.7.0' ],
16 silly audit   'cross-spawn': [ '7.0.3' ],
16 silly audit   'crypto-js': [ '4.2.0' ],
16 silly audit   cssesc: [ '3.0.0' ],
16 silly audit   'damerau-levenshtein': [ '1.0.8' ],
16 silly audit   'data-view-buffer': [ '1.0.1' ],
16 silly audit   'data-view-byte-length': [ '1.0.1' ],
16 silly audit   'data-view-byte-offset': [ '1.0.0' ],
16 silly audit   debug: [ '4.3.7', '3.2.7' ],
16 silly audit   dedent: [ '1.5.3' ],
16 silly audit   'deep-equal': [ '2.2.3' ],
16 silly audit   'deep-is': [ '0.1.4' ],
16 silly audit   deepmerge: [ '4.3.1' ],
16 silly audit   'define-data-property': [ '1.1.4' ],
16 silly audit   'define-properties': [ '1.2.1' ],
16 silly audit   'detect-newline': [ '3.1.0' ],
16 silly audit   'detect-node-es': [ '1.1.0' ],
16 silly audit   didyoumean: [ '1.2.2' ],
16 silly audit   'diff-sequences': [ '29.6.3' ],
16 silly audit   dlv: [ '1.1.3' ],
16 silly audit   doctrine: [ '3.0.0', '2.1.0' ],
16 silly audit   'dot-case': [ '3.0.4' ],
16 silly audit   eastasianwidth: [ '0.2.0' ],
16 silly audit   'electron-to-chromium': [ '1.5.47' ],
16 silly audit   emittery: [ '0.13.1' ],
16 silly audit   'enhanced-resolve': [ '5.17.1' ],
16 silly audit   'error-ex': [ '1.3.2' ],
16 silly audit   'es-abstract': [ '1.23.3' ],
16 silly audit   'es-define-property': [ '1.0.0' ],
16 silly audit   'es-errors': [ '1.3.0' ],
16 silly audit   'es-get-iterator': [ '1.1.3' ],
16 silly audit   'es-iterator-helpers': [ '1.0.19' ],
16 silly audit   'es-object-atoms': [ '1.0.0' ],
16 silly audit   'es-set-tostringtag': [ '2.0.3' ],
16 silly audit   'es-shim-unscopables': [ '1.0.2' ],
16 silly audit   'es-to-primitive': [ '1.2.1' ],
16 silly audit   escalade: [ '3.2.0' ],
16 silly audit   'escape-string-regexp': [ '4.0.0', '2.0.0' ],
16 silly audit   eslint: [ '8.57.1' ],
16 silly audit   'eslint-config-next': [ '14.2.14' ],
16 silly audit   'eslint-config-prettier': [ '9.1.0' ],
16 silly audit   'eslint-import-resolver-node': [ '0.3.9' ],
16 silly audit   'eslint-import-resolver-typescript': [ '3.6.3' ],
16 silly audit   'eslint-module-utils': [ '2.12.0' ],
16 silly audit   'eslint-plugin-import': [ '2.31.0' ],
16 silly audit   'eslint-plugin-jsx-a11y': [ '6.10.0' ],
16 silly audit   'eslint-plugin-prettier': [ '5.2.1' ],
16 silly audit   'eslint-plugin-react': [ '7.37.1' ],
16 silly audit   'eslint-plugin-react-hooks': [ '4.6.2' ],
16 silly audit   resolve: [ '2.0.0-next.5', '1.22.8' ],
16 silly audit   'eslint-scope': [ '7.2.2' ],
16 silly audit   'eslint-visitor-keys': [ '3.4.3' ],
16 silly audit   espree: [ '9.6.1' ],
16 silly audit   esprima: [ '4.0.1' ],
16 silly audit   esquery: [ '1.6.0' ],
16 silly audit   esrecurse: [ '4.3.0' ],
16 silly audit   estraverse: [ '5.3.0' ],
16 silly audit   esutils: [ '2.0.3' ],
16 silly audit   execa: [ '5.1.1' ],
16 silly audit   'signal-exit': [ '3.0.7', '4.1.0' ],
16 silly audit   exit: [ '0.1.2' ],
16 silly audit   expect: [ '29.7.0' ],
16 silly audit   'fast-deep-equal': [ '3.1.3' ],
16 silly audit   'fast-diff': [ '1.3.0' ],
16 silly audit   'fast-glob': [ '3.3.2' ],
16 silly audit   'fast-json-stable-stringify': [ '2.1.0' ],
16 silly audit   'fast-levenshtein': [ '2.0.6' ],
16 silly audit   fastq: [ '1.17.1' ],
16 silly audit   'fb-watchman': [ '2.0.2' ],
16 silly audit   'file-entry-cache': [ '6.0.1' ],
16 silly audit   'fill-range': [ '7.1.1' ],
16 silly audit   'flat-cache': [ '3.2.0' ],
16 silly audit   flatted: [ '3.3.1' ],
16 silly audit   'for-each': [ '0.3.3' ],
16 silly audit   'foreground-child': [ '3.3.0' ],
16 silly audit   'framer-motion': [ '11.11.10' ],
16 silly audit   'fs.realpath': [ '1.0.0' ],
16 silly audit   fsevents: [ '2.3.3' ],
16 silly audit   'function-bind': [ '1.1.2' ],
16 silly audit   'function.prototype.name': [ '1.1.6' ],
16 silly audit   'functions-have-names': [ '1.2.3' ],
16 silly audit   gensync: [ '1.0.0-beta.2' ],
16 silly audit   'get-caller-file': [ '2.0.5' ],
16 silly audit   'get-intrinsic': [ '1.2.4' ],
16 silly audit   'get-nonce': [ '1.0.1' ],
16 silly audit   'get-package-type': [ '0.1.0' ],
16 silly audit   'get-stream': [ '6.0.1' ],
16 silly audit   'get-symbol-description': [ '1.0.2' ],
16 silly audit   'get-tsconfig': [ '4.8.1' ],
16 silly audit   'glob-to-regexp': [ '0.4.1' ],
16 silly audit   globalthis: [ '1.0.4' ],
16 silly audit   goober: [ '2.1.15' ],
16 silly audit   gopd: [ '1.0.1' ],
16 silly audit   'graceful-fs': [ '4.2.11' ],
16 silly audit   graphemer: [ '1.4.0' ],
16 silly audit   'has-bigints': [ '1.0.2' ],
16 silly audit   'has-flag': [ '4.0.0' ],
16 silly audit   'has-property-descriptors': [ '1.0.2' ],
16 silly audit   'has-proto': [ '1.0.3' ],
16 silly audit   'has-symbols': [ '1.0.3' ],
16 silly audit   'has-tostringtag': [ '1.0.2' ],
16 silly audit   hasown: [ '2.0.2' ],
16 silly audit   'html-escaper': [ '2.0.2' ],
16 silly audit   'human-signals': [ '2.1.0' ],
16 silly audit   ignore: [ '5.3.2' ],
16 silly audit   'import-fresh': [ '3.3.0' ],
16 silly audit   'import-local': [ '3.2.0' ],
16 silly audit   imurmurhash: [ '0.1.4' ],
16 silly audit   inflight: [ '1.0.6' ],
16 silly audit   inherits: [ '2.0.4' ],
16 silly audit   'internal-slot': [ '1.0.7' ],
16 silly audit   invariant: [ '2.2.4' ],
16 silly audit   'is-arguments': [ '1.1.1' ],
16 silly audit   'is-array-buffer': [ '3.0.4' ],
16 silly audit   'is-arrayish': [ '0.2.1' ],
16 silly audit   'is-async-function': [ '2.0.0' ],
16 silly audit   'is-bigint': [ '1.0.4' ],
16 silly audit   'is-binary-path': [ '2.1.0' ],
16 silly audit   'is-boolean-object': [ '1.1.2' ],
16 silly audit   'is-bun-module': [ '1.2.1' ],
16 silly audit   'is-callable': [ '1.2.7' ],
16 silly audit   'is-core-module': [ '2.15.1' ],
16 silly audit   'is-data-view': [ '1.0.1' ],
16 silly audit   'is-date-object': [ '1.0.5' ],
16 silly audit   'is-extglob': [ '2.1.1' ],
16 silly audit   'is-finalizationregistry': [ '1.0.2' ],
16 silly audit   'is-fullwidth-code-point': [ '3.0.0' ],
16 silly audit   'is-generator-fn': [ '2.1.0' ],
16 silly audit   'is-generator-function': [ '1.0.10' ],
16 silly audit   'is-glob': [ '4.0.3' ],
16 silly audit   'is-map': [ '2.0.3' ],
16 silly audit   'is-negative-zero': [ '2.0.3' ],
16 silly audit   'is-number': [ '7.0.0' ],
16 silly audit   'is-number-object': [ '1.0.7' ],
16 silly audit   'is-path-inside': [ '3.0.3' ],
16 silly audit   'is-regex': [ '1.1.4' ],
16 silly audit   'is-set': [ '2.0.3' ],
16 silly audit   'is-shared-array-buffer': [ '1.0.3' ],
16 silly audit   'is-stream': [ '2.0.1' ],
16 silly audit   'is-string': [ '1.0.7' ],
16 silly audit   'is-symbol': [ '1.0.4' ],
16 silly audit   'is-typed-array': [ '1.1.13' ],
16 silly audit   'is-weakmap': [ '2.0.2' ],
16 silly audit   'is-weakref': [ '1.0.2' ],
16 silly audit   'is-weakset': [ '2.0.3' ],
16 silly audit   isarray: [ '2.0.5' ],
16 silly audit   isexe: [ '2.0.0' ],
16 silly audit   'istanbul-lib-coverage': [ '3.2.2' ],
16 silly audit   'istanbul-lib-report': [ '3.0.1' ],
16 silly audit   'istanbul-lib-source-maps': [ '4.0.1' ],
16 silly audit   'istanbul-reports': [ '3.1.7' ],
16 silly audit   'iterator.prototype': [ '1.1.2' ],
16 silly audit   jackspeak: [ '2.3.6' ],
16 silly audit   jest: [ '29.7.0' ],
16 silly audit   'jest-changed-files': [ '29.7.0' ],
16 silly audit   'jest-circus': [ '29.7.0' ],
16 silly audit   'jest-cli': [ '29.7.0' ],
16 silly audit   'jest-config': [ '29.7.0' ],
16 silly audit   'jest-diff': [ '29.7.0' ],
16 silly audit   'jest-docblock': [ '29.7.0' ],
16 silly audit   'jest-each': [ '29.7.0' ],
16 silly audit   'jest-environment-node': [ '29.7.0' ],
16 silly audit   'jest-get-type': [ '29.6.3' ],
16 silly audit   'jest-haste-map': [ '29.7.0' ],
16 silly audit   'jest-leak-detector': [ '29.7.0' ],
16 silly audit   'jest-matcher-utils': [ '29.7.0' ],
16 silly audit   'jest-message-util': [ '29.7.0' ],
16 silly audit   'jest-mock': [ '29.7.0' ],
16 silly audit   'jest-pnp-resolver': [ '1.2.3' ],
16 silly audit   'jest-regex-util': [ '29.6.3' ],
16 silly audit   'jest-resolve': [ '29.7.0' ],
16 silly audit   'jest-resolve-dependencies': [ '29.7.0' ],
16 silly audit   'jest-runner': [ '29.7.0' ],
16 silly audit   'jest-runtime': [ '29.7.0' ],
16 silly audit   'strip-bom': [ '4.0.0', '3.0.0' ],
16 silly audit   'jest-snapshot': [ '29.7.0' ],
16 silly audit   'jest-util': [ '29.7.0' ],
16 silly audit   'jest-validate': [ '29.7.0' ],
16 silly audit   'jest-watcher': [ '29.7.0' ],
16 silly audit   'jest-worker': [ '29.7.0' ],
16 silly audit   'supports-color': [ '8.1.1', '7.2.0' ],
16 silly audit   jiti: [ '1.21.6' ],
16 silly audit   'js-cookie': [ '3.0.5' ],
16 silly audit   'js-tokens': [ '4.0.0' ],
16 silly audit   jsesc: [ '3.0.2' ],
16 silly audit   'json-buffer': [ '3.0.1' ],
16 silly audit   'json-parse-even-better-errors': [ '2.3.1' ],
16 silly audit   'json-schema-traverse': [ '0.4.1' ],
16 silly audit   'json-stable-stringify-without-jsonify': [ '1.0.1' ],
16 silly audit   'jsx-ast-utils': [ '3.3.5' ],
16 silly audit   keyv: [ '4.5.4' ],
16 silly audit   kleur: [ '3.0.3' ],
16 silly audit   'language-subtag-registry': [ '0.3.23' ],
16 silly audit   'language-tags': [ '1.0.9' ],
16 silly audit   leven: [ '3.1.0' ],
16 silly audit   levn: [ '0.4.1' ],
16 silly audit   lilconfig: [ '2.1.0', '3.1.2' ],
16 silly audit   'lines-and-columns': [ '1.2.4' ],
16 silly audit   'lodash.merge': [ '4.6.2' ],
16 silly audit   'loose-envify': [ '1.4.0' ],
16 silly audit   'lower-case': [ '2.0.2' ],
16 silly audit   'lucide-react': [ '0.447.0' ],
16 silly audit   'make-dir': [ '4.0.0' ],
16 silly audit   makeerror: [ '1.0.12' ],
16 silly audit   'map-obj': [ '4.3.0' ],
16 silly audit   'merge-stream': [ '2.0.0' ],
16 silly audit   merge2: [ '1.4.1' ],
16 silly audit   micromatch: [ '4.0.8' ],
16 silly audit   'mimic-fn': [ '2.1.0' ],
16 silly audit   minimist: [ '1.2.8' ],
16 silly audit   minipass: [ '7.1.2' ],
16 silly audit   ms: [ '2.1.3' ],
16 silly audit   mz: [ '2.7.0' ],
16 silly audit   nanoid: [ '3.3.7' ],
16 silly audit   'natural-compare': [ '1.4.0' ],
16 silly audit   next: [ '14.2.14' ],
16 silly audit   postcss: [ '8.4.31', '8.4.47' ],
16 silly audit   'no-case': [ '3.0.4' ],
16 silly audit   'node-int64': [ '0.4.0' ],
16 silly audit   'node-releases': [ '2.0.18' ],
16 silly audit   'normalize-path': [ '3.0.0' ],
16 silly audit   'npm-run-path': [ '4.0.1' ],
16 silly audit   'object-assign': [ '4.1.1' ],
16 silly audit   'object-hash': [ '3.0.0' ],
16 silly audit   'object-inspect': [ '1.13.2' ],
16 silly audit   'object-is': [ '1.1.6' ],
16 silly audit   'object-keys': [ '1.1.1' ],
16 silly audit   'object.assign': [ '4.1.5' ],
16 silly audit   'object.entries': [ '1.1.8' ],
16 silly audit   'object.fromentries': [ '2.0.8' ],
16 silly audit   'object.groupby': [ '1.0.3' ],
16 silly audit   'object.values': [ '1.2.0' ],
16 silly audit   once: [ '1.4.0' ],
16 silly audit   onetime: [ '5.1.2' ],
16 silly audit   optionator: [ '0.9.4' ],
16 silly audit   'p-try': [ '2.2.0' ],
16 silly audit   'parent-module': [ '1.0.1' ],
16 silly audit   'parse-json': [ '5.2.0' ],
16 silly audit   'path-exists': [ '4.0.0' ],
16 silly audit   'path-is-absolute': [ '1.0.1' ],
16 silly audit   'path-key': [ '3.1.1' ],
16 silly audit   'path-parse': [ '1.0.7' ],
16 silly audit   'path-scurry': [ '1.11.1' ],
16 silly audit   picocolors: [ '1.1.0' ],
16 silly audit   picomatch: [ '2.3.1' ],
16 silly audit   pify: [ '2.3.0' ],
16 silly audit   pirates: [ '4.0.6' ],
16 silly audit   'pkg-dir': [ '4.2.0' ],
16 silly audit   'possible-typed-array-names': [ '1.0.0' ],
16 silly audit   'postcss-import': [ '15.1.0' ],
16 silly audit   'postcss-js': [ '4.0.1' ],
16 silly audit   'postcss-load-config': [ '4.0.2' ],
16 silly audit   'postcss-nested': [ '6.2.0' ],
16 silly audit   'postcss-selector-parser': [ '6.1.2' ],
16 silly audit   'postcss-value-parser': [ '4.2.0' ],
16 silly audit   'prelude-ls': [ '1.2.1' ],
16 silly audit   prettier: [ '3.3.3' ],
16 silly audit   'prettier-linter-helpers': [ '1.0.0' ],
16 silly audit   'pretty-format': [ '29.7.0' ],
16 silly audit   'react-is': [ '18.3.1', '16.13.1' ],
16 silly audit   prisma: [ '5.20.0' ],
16 silly audit   prompts: [ '2.4.2' ],
16 silly audit   'prop-types': [ '15.8.1' ],
16 silly audit   punycode: [ '2.3.1' ],
16 silly audit   'pure-rand': [ '6.1.0' ],
16 silly audit   'queue-microtask': [ '1.2.3' ],
16 silly audit   react: [ '18.3.1' ],
16 silly audit   'react-dom': [ '18.3.1' ],
16 silly audit   'react-hot-toast': [ '2.4.1' ],
16 silly audit   'react-remove-scroll-bar': [ '2.3.6' ],
16 silly audit   'react-style-singleton': [ '2.2.1' ],
16 silly audit   'read-cache': [ '1.0.0' ],
16 silly audit   readdirp: [ '3.6.0' ],
16 silly audit   'reflect.getprototypeof': [ '1.0.6' ],
16 silly audit   'regenerator-runtime': [ '0.14.1' ],
16 silly audit   'regexp.prototype.flags': [ '1.5.3' ],
16 silly audit   'require-directory': [ '2.1.1' ],
16 silly audit   'resolve-cwd': [ '3.0.0' ],
16 silly audit   'resolve-pkg-maps': [ '1.0.0' ],
16 silly audit   'resolve.exports': [ '2.0.2' ],
16 silly audit   reusify: [ '1.0.4' ],
16 silly audit   rimraf: [ '3.0.2' ],
16 silly audit   'run-parallel': [ '1.2.0' ],
16 silly audit   'safe-array-concat': [ '1.1.2' ],
16 silly audit   'safe-regex-test': [ '1.0.3' ],
16 silly audit   scheduler: [ '0.23.2' ],
16 silly audit   'server-only': [ '0.0.1' ],
16 silly audit   'set-function-length': [ '1.2.2' ],
16 silly audit   'set-function-name': [ '2.0.2' ],
16 silly audit   'shebang-command': [ '2.0.0' ],
16 silly audit   'shebang-regex': [ '3.0.0' ],
16 silly audit   'side-channel': [ '1.0.6' ],
16 silly audit   sisteransi: [ '1.0.5' ],
16 silly audit   slash: [ '3.0.0' ],
16 silly audit   'snake-case': [ '3.0.4' ],
16 silly audit   'snakecase-keys': [ '5.4.4' ],
16 silly audit   'source-map': [ '0.6.1' ],
16 silly audit   'source-map-js': [ '1.2.1' ],
16 silly audit   'source-map-support': [ '0.5.13' ],
16 silly audit   'sprintf-js': [ '1.0.3' ],
16 silly audit   'stack-utils': [ '2.0.6' ],
16 silly audit   'std-env': [ '3.7.0' ],
16 silly audit   'stop-iteration-iterator': [ '1.0.0' ],
16 silly audit   streamsearch: [ '1.1.0' ],
16 silly audit   'string-length': [ '4.0.2' ],
16 silly audit   'string.prototype.includes': [ '2.0.0' ],
16 silly audit   'string.prototype.matchall': [ '4.0.11' ],
16 silly audit   'string.prototype.repeat': [ '1.0.0' ],
16 silly audit   'string.prototype.trim': [ '1.2.9' ],
16 silly audit   'string.prototype.trimend': [ '1.0.8' ],
16 silly audit   'string.prototype.trimstart': [ '1.0.8' ],
16 silly audit   'strip-final-newline': [ '2.0.0' ],
16 silly audit   'strip-json-comments': [ '3.1.1' ],
16 silly audit   'styled-jsx': [ '5.1.1' ],
16 silly audit   sucrase: [ '3.35.0' ],
16 silly audit   'supports-preserve-symlinks-flag': [ '1.0.0' ],
16 silly audit   swr: [ '2.2.5' ],
16 silly audit   synckit: [ '0.9.2' ],
16 silly audit   'tailwind-merge': [ '2.5.3' ],
16 silly audit   tailwindcss: [ '3.4.13' ],
16 silly audit   'tailwindcss-animate': [ '1.0.7' ],
16 silly audit   tapable: [ '2.2.1' ],
16 silly audit   'test-exclude': [ '6.0.0' ],
16 silly audit   'text-table': [ '0.2.0' ],
16 silly audit   thenify: [ '3.3.1' ],
16 silly audit   'thenify-all': [ '1.6.0' ],
16 silly audit   tmpl: [ '1.0.5' ],
16 silly audit   'to-regex-range': [ '5.0.1' ],
16 silly audit   'ts-api-utils': [ '1.3.0' ],
16 silly audit   'ts-interface-checker': [ '0.1.13' ],
16 silly audit   'tsconfig-paths': [ '3.15.0' ],
16 silly audit   'type-check': [ '0.4.0' ],
16 silly audit   'type-detect': [ '4.0.8' ],
16 silly audit   'typed-array-buffer': [ '1.0.2' ],
16 silly audit   'typed-array-byte-length': [ '1.0.1' ],
16 silly audit   'typed-array-byte-offset': [ '1.0.2' ],
16 silly audit   'typed-array-length': [ '1.0.6' ],
16 silly audit   typescript: [ '5.6.2' ],
16 silly audit   'unbox-primitive': [ '1.0.2' ],
16 silly audit   'undici-types': [ '6.19.8' ],
16 silly audit   'update-browserslist-db': [ '1.1.1' ],
16 silly audit   'uri-js': [ '4.4.1' ],
16 silly audit   'use-callback-ref': [ '1.3.2' ],
16 silly audit   'use-sidecar': [ '1.1.2' ],
16 silly audit   'use-sync-external-store': [ '1.2.2' ],
16 silly audit   'util-deprecate': [ '1.0.2' ],
16 silly audit   'v8-to-istanbul': [ '9.3.0' ],
16 silly audit   walker: [ '1.0.8' ],
16 silly audit   which: [ '2.0.2' ],
16 silly audit   'which-boxed-primitive': [ '1.0.2' ],
16 silly audit   'which-builtin-type': [ '1.1.4' ],
16 silly audit   'which-collection': [ '1.0.2' ],
16 silly audit   'which-typed-array': [ '1.1.15' ],
16 silly audit   'word-wrap': [ '1.2.5' ],
16 silly audit   wrappy: [ '1.0.2' ],
16 silly audit   'write-file-atomic': [ '4.0.2' ],
16 silly audit   y18n: [ '5.0.8' ],
16 silly audit   yallist: [ '3.1.1' ],
16 silly audit   yaml: [ '2.5.1' ],
16 silly audit   yargs: [ '17.7.2' ],
16 silly audit   'yargs-parser': [ '21.1.1' ],
16 silly audit   'yocto-queue': [ '0.1.0' ]
16 silly audit }
17 verbose reify failed optional dependency E:\Saad Rehman-GitHub\DevOps-Pipeline-Automation\node_modules\fsevents
18 silly reify mark deleted [
18 silly reify   'E:\\Saad Rehman-GitHub\\DevOps-Pipeline-Automation\\node_modules\\fsevents'
18 silly reify ]
19 verbose reify failed optional dependency E:\Saad Rehman-GitHub\DevOps-Pipeline-Automation\node_modules\@next\swc-win32-ia32-msvc
20 silly reify mark deleted [
20 silly reify   'E:\\Saad Rehman-GitHub\\DevOps-Pipeline-Automation\\node_modules\\@next\\swc-win32-ia32-msvc'
20 silly reify ]
21 verbose reify failed optional dependency E:\Saad Rehman-GitHub\DevOps-Pipeline-Automation\node_modules\@next\swc-win32-arm64-msvc
22 silly reify mark deleted [
22 silly reify   'E:\\Saad Rehman-GitHub\\DevOps-Pipeline-Automation\\node_modules\\@next\\swc-win32-arm64-msvc'
22 silly reify ]
23 verbose reify failed optional dependency E:\Saad Rehman-GitHub\DevOps-Pipeline-Automation\node_modules\@next\swc-linux-x64-musl
24 silly reify mark deleted [
24 silly reify   'E:\\Saad Rehman-GitHub\\DevOps-Pipeline-Automation\\node_modules\\@next\\swc-linux-x64-musl'
24 silly reify ]
25 verbose reify failed optional dependency E:\Saad Rehman-GitHub\DevOps-Pipeline-Automation\node_modules\@next\swc-linux-x64-gnu
26 silly reify mark deleted [
26 silly reify   'E:\\Saad Rehman-GitHub\\DevOps-Pipeline-Automation\\node_modules\\@next\\swc-linux-x64-gnu'
26 silly reify ]
27 verbose reify failed optional dependency E:\Saad Rehman-GitHub\DevOps-Pipeline-Automation\node_modules\@next\swc-linux-arm64-musl
28 silly reify mark deleted [
28 silly reify   'E:\\Saad Rehman-GitHub\\DevOps-Pipeline-Automation\\node_modules\\@next\\swc-linux-arm64-musl'
28 silly reify ]
29 verbose reify failed optional dependency E:\Saad Rehman-GitHub\DevOps-Pipeline-Automation\node_modules\@next\swc-linux-arm64-gnu
30 silly reify mark deleted [
30 silly reify   'E:\\Saad Rehman-GitHub\\DevOps-Pipeline-Automation\\node_modules\\@next\\swc-linux-arm64-gnu'
30 silly reify ]
31 verbose reify failed optional dependency E:\Saad Rehman-GitHub\DevOps-Pipeline-Automation\node_modules\@next\swc-darwin-x64
32 silly reify mark deleted [
32 silly reify   'E:\\Saad Rehman-GitHub\\DevOps-Pipeline-Automation\\node_modules\\@next\\swc-darwin-x64'
32 silly reify ]
33 verbose reify failed optional dependency E:\Saad Rehman-GitHub\DevOps-Pipeline-Automation\node_modules\@next\swc-darwin-arm64
34 silly reify mark deleted [
34 silly reify   'E:\\Saad Rehman-GitHub\\DevOps-Pipeline-Automation\\node_modules\\@next\\swc-darwin-arm64'
34 silly reify ]
35 http fetch POST 200 https://registry.npmjs.org/-/npm/v1/security/advisories/bulk 1447ms
36 silly audit report {}
37 silly ADD
38 silly ADD
39 silly ADD
40 silly ADD
41 silly ADD
42 silly ADD
43 silly ADD
44 silly ADD
45 silly ADD
46 verbose cwd E:\Saad Rehman-GitHub\DevOps-Pipeline-Automation
47 verbose os Windows_NT 10.0.22631
48 verbose node v22.3.0
49 verbose npm  v10.8.1
50 verbose exit 0
51 info ok
